<?xml version="1.0" encoding="UTF-8"?>
<testsuites name="Auth" time="148.135" tests="3" failures="1" errors="0">
   <testsuite name="Auth" tests="3" failures="1" errors="0" time="148.135" skipped="0" timestamp="2023-12-19 13:51:34" hostname="RENUKW - DESKTOP-I2EJ8U7" id="Test Suites/Auth">
      <properties>
         <property name="deviceName" value=""/>
         <property name="devicePlatform" value=""/>
         <property name="logFolder" value="D:\\01. SALSABILA RAHADATUL AISY\\Certification Katalon\\luma-shop\\Reports\\20231219_135116\\Auth\\20231219_135117"/>
         <property name="logFiles" value="D:\\01. SALSABILA RAHADATUL AISY\\Certification Katalon\\luma-shop\\Reports\\20231219_135116\\Auth\\20231219_135117\\execution0.log"/>
         <property name="attachments" value="D:\\01. SALSABILA RAHADATUL AISY\\Certification Katalon\\luma-shop\\Reports\\20231219_135116\\Auth\\20231219_135117\\1702968842859.png"/>
         <property name="hostName" value="RENUKW - DESKTOP-I2EJ8U7"/>
         <property name="os" value="Windows 10 64bit"/>
         <property name="katalonVersion" value="9.0.0.212"/>
         <property name="browser" value="Edge Chromium 120"/>
         <property name="hostAddress" value="192.168.100.244"/>
         <property name="sessionId" value="686b4c142f6f347dae88a5411350795e"/>
         <property name="seleniumVersion" value="3.141.59"/>
         <property name="proxyInformation" value="ProxyInformation { proxyOption=NO_PROXY, proxyServerType=HTTP, username=, password=********, proxyServerAddress=, proxyServerPort=0, executionList=&quot;&quot;, isApplyToDesiredCapabilities=true }"/>
         <property name="platform" value="Windows 10"/>
      </properties>
      <testcase name="Test Cases/SignUp/TCSG_001_Success_Register with valid input" time="51.07" classname="Test Cases/SignUp/TCSG_001_Success_Register with valid input" status="PASSED">
         <system-out><![CDATA[2023-12-19 13:51:35 - [TEST_CASE][PASSED] - Test Cases/SignUp/TCSG_001_Success_Register with valid input: Test Cases/SignUp/TCSG_001_Success_Register with valid input

2023-12-19 13:51:36 - [TEST_STEP][PASSED] - randomNumber = RandomStringUtils.randomNumeric(5): null

2023-12-19 13:51:36 - [TEST_STEP][PASSED] - username = "salsabilasy": null

2023-12-19 13:51:36 - [TEST_STEP][PASSED] - random_email = username + randomNumber + "@mail.com": null

2023-12-19 13:51:36 - [TEST_STEP][PASSED] - openBrowser(url): Browser is opened with url: 'https://magento.softwaretestingboard.com/'

2023-12-19 13:51:36 - [MESSAGE][INFO] - Starting 'Edge Chromium' driver

2023-12-19 13:51:38 - [MESSAGE][INFO] - Action delay is set to 0 milliseconds

2023-12-19 13:51:47 - [MESSAGE][PASSED] - Browser is opened with url: 'https://magento.softwaretestingboard.com/'

2023-12-19 13:51:47 - [TEST_STEP][PASSED] - click(findTestObject("HomePage/button_Sign Up")): Object: 'Object Repository/HomePage/button_Sign Up' is clicked on

2023-12-19 13:51:51 - [MESSAGE][PASSED] - Object: 'Object Repository/HomePage/button_Sign Up' is clicked on

2023-12-19 13:51:51 - [TEST_STEP][PASSED] - setText(findTestObject("SignUp/input_First Name"), "Salsabila"): Text 'Salsabila' is set on object 'Object Repository/SignUp/input_First Name'

2023-12-19 13:51:52 - [MESSAGE][PASSED] - Text 'Salsabila' is set on object 'Object Repository/SignUp/input_First Name'

2023-12-19 13:51:52 - [TEST_STEP][PASSED] - setText(findTestObject("SignUp/input_Last Name"), "Aisy"): Text 'Aisy' is set on object 'Object Repository/SignUp/input_Last Name'

2023-12-19 13:51:53 - [MESSAGE][PASSED] - Text 'Aisy' is set on object 'Object Repository/SignUp/input_Last Name'

2023-12-19 13:51:53 - [TEST_STEP][PASSED] - setText(findTestObject("SignUp/input_Email"), random_email): Text 'salsabilasy76550@mail.com' is set on object 'Object Repository/SignUp/input_Email'

2023-12-19 13:51:53 - [MESSAGE][PASSED] - Text 'salsabilasy76550@mail.com' is set on object 'Object Repository/SignUp/input_Email'

2023-12-19 13:51:54 - [TEST_STEP][PASSED] - setEncryptedText(findTestObject("SignUp/input_Password"), "ugPaP9TfAFilB8cfGYIcUQ=="): Text ****** has been set on object 'Object Repository/SignUp/input_Password'

2023-12-19 13:51:54 - [MESSAGE][PASSED] - Text ****** has been set on object 'Object Repository/SignUp/input_Password'

2023-12-19 13:51:54 - [TEST_STEP][PASSED] - setEncryptedText(findTestObject("SignUp/input_Confirmation Password"), "ugPaP9TfAFilB8cfGYIcUQ=="): Text ****** has been set on object 'Object Repository/SignUp/input_Confirmation Password'

2023-12-19 13:51:55 - [MESSAGE][PASSED] - Text ****** has been set on object 'Object Repository/SignUp/input_Confirmation Password'

2023-12-19 13:51:55 - [TEST_STEP][PASSED] - click(findTestObject("SignUp/button_Create Account")): Object: 'Object Repository/SignUp/button_Create Account' is clicked on

2023-12-19 13:52:17 - [MESSAGE][PASSED] - Object: 'Object Repository/SignUp/button_Create Account' is clicked on

2023-12-19 13:52:17 - [TEST_STEP][PASSED] - verifyElementPresent(findTestObject("MyAccount/message_Success Register"), 0): Object 'Object Repository/MyAccount/message_Success Register' is present

2023-12-19 13:52:17 - [MESSAGE][WARNING] - Timeout '0' is invalid. Using default page load timeout: '30'

2023-12-19 13:52:26 - [MESSAGE][PASSED] - Object 'Object Repository/MyAccount/message_Success Register' is present

2023-12-19 13:52:26 - [TEST_STEP][PASSED] - closeBrowser(): Browser is closed

2023-12-19 13:52:26 - [MESSAGE][PASSED] - Browser is closed]]></system-out>
         <system-err><![CDATA[]]></system-err>
      </testcase>
      <testcase name="Test Cases/SignUp/TCSG_002_Failed_Register using registered email" time="55.968" classname="Test Cases/SignUp/TCSG_002_Failed_Register using registered email" status="PASSED">
         <system-out><![CDATA[2023-12-19 13:52:26 - [TEST_CASE][PASSED] - Test Cases/SignUp/TCSG_002_Failed_Register using registered email: Test Cases/SignUp/TCSG_002_Failed_Register using registered email

2023-12-19 13:52:26 - [TEST_STEP][PASSED] - openBrowser(url): Browser is opened with url: 'https://magento.softwaretestingboard.com/'

2023-12-19 13:52:26 - [MESSAGE][INFO] - Starting 'Edge Chromium' driver

2023-12-19 13:52:27 - [MESSAGE][INFO] - Action delay is set to 0 milliseconds

2023-12-19 13:52:41 - [MESSAGE][PASSED] - Browser is opened with url: 'https://magento.softwaretestingboard.com/'

2023-12-19 13:52:41 - [TEST_STEP][PASSED] - click(findTestObject("HomePage/button_Sign Up")): Object: 'Object Repository/HomePage/button_Sign Up' is clicked on

2023-12-19 13:52:50 - [MESSAGE][PASSED] - Object: 'Object Repository/HomePage/button_Sign Up' is clicked on

2023-12-19 13:52:50 - [TEST_STEP][PASSED] - setText(findTestObject("SignUp/input_First Name"), "Salsabila"): Text 'Salsabila' is set on object 'Object Repository/SignUp/input_First Name'

2023-12-19 13:52:51 - [MESSAGE][PASSED] - Text 'Salsabila' is set on object 'Object Repository/SignUp/input_First Name'

2023-12-19 13:52:51 - [TEST_STEP][PASSED] - setText(findTestObject("SignUp/input_Last Name"), "Aisy"): Text 'Aisy' is set on object 'Object Repository/SignUp/input_Last Name'

2023-12-19 13:52:51 - [MESSAGE][PASSED] - Text 'Aisy' is set on object 'Object Repository/SignUp/input_Last Name'

2023-12-19 13:52:51 - [TEST_STEP][PASSED] - setText(findTestObject("SignUp/input_Email"), "salsabilasy@gmail.com"): Text 'salsabilasy@gmail.com' is set on object 'Object Repository/SignUp/input_Email'

2023-12-19 13:52:52 - [MESSAGE][PASSED] - Text 'salsabilasy@gmail.com' is set on object 'Object Repository/SignUp/input_Email'

2023-12-19 13:52:52 - [TEST_STEP][PASSED] - setEncryptedText(findTestObject("SignUp/input_Password"), "ugPaP9TfAFilB8cfGYIcUQ=="): Text ****** has been set on object 'Object Repository/SignUp/input_Password'

2023-12-19 13:52:53 - [MESSAGE][PASSED] - Text ****** has been set on object 'Object Repository/SignUp/input_Password'

2023-12-19 13:52:53 - [TEST_STEP][PASSED] - setEncryptedText(findTestObject("SignUp/input_Confirmation Password"), "ugPaP9TfAFilB8cfGYIcUQ=="): Text ****** has been set on object 'Object Repository/SignUp/input_Confirmation Password'

2023-12-19 13:52:53 - [MESSAGE][PASSED] - Text ****** has been set on object 'Object Repository/SignUp/input_Confirmation Password'

2023-12-19 13:52:53 - [TEST_STEP][PASSED] - click(findTestObject("SignUp/button_Create Account")): Object: 'Object Repository/SignUp/button_Create Account' is clicked on

2023-12-19 13:53:08 - [MESSAGE][PASSED] - Object: 'Object Repository/SignUp/button_Create Account' is clicked on

2023-12-19 13:53:08 - [TEST_STEP][PASSED] - delay(3): Delayed 3 second(s)

2023-12-19 13:53:11 - [MESSAGE][PASSED] - Delayed 3 second(s)

2023-12-19 13:53:11 - [TEST_STEP][PASSED] - verifyElementText(findTestObject("SignUp/message_There is already an account with this email"), "There is already an account with this email address. If you are sure that it is your email address, click here to get your password and access your account.", STOP_ON_FAILURE): Actual text and expected text of test object 'Object Repository/SignUp/message_There is already an account with this email' are matched.

2023-12-19 13:53:22 - [MESSAGE][PASSED] - Actual text and expected text of test object 'Object Repository/SignUp/message_There is already an account with this email' are matched.

2023-12-19 13:53:22 - [TEST_STEP][PASSED] - closeBrowser(): Browser is closed

2023-12-19 13:53:22 - [MESSAGE][PASSED] - Browser is closed]]></system-out>
         <system-err><![CDATA[]]></system-err>
      </testcase>
      <testcase name="Test Cases/SignUp/TCSG_002_Failed_Register using registered email - Copy" time="40.697" classname="Test Cases/SignUp/TCSG_002_Failed_Register using registered email - Copy" status="FAILED">
         <failure type="FAILED" message="Test Cases/SignUp/TCSG_002_Failed_Register using registered email - Copy FAILED.&#xa;Reason:&#xa;com.kms.katalon.core.exception.StepFailedException: Unable to click on object 'Object Repository/HomePage/button_Sign Up'&#xa;	at com.kms.katalon.core.webui.keyword.internal.WebUIKeywordMain.stepFailed(WebUIKeywordMain.groovy:64)&#xa;	at com.kms.katalon.core.webui.keyword.internal.WebUIKeywordMain.runKeyword(WebUIKeywordMain.groovy:26)&#xa;	at com.kms.katalon.core.webui.keyword.builtin.ClickKeyword.click(ClickKeyword.groovy:74)&#xa;	at com.kms.katalon.core.webui.keyword.builtin.ClickKeyword.execute(ClickKeyword.groovy:40)&#xa;	at com.kms.katalon.core.keyword.internal.KeywordExecutor.executeKeywordForPlatform(KeywordExecutor.groovy:74)&#xa;	at com.kms.katalon.core.webui.keyword.WebUiBuiltInKeywords.click(WebUiBuiltInKeywords.groovy:620)&#xa;	at TCSG_002_Failed_Register using registered email.run(TCSG_002_Failed_Register using registered email:22)&#xa;	at com.kms.katalon.core.main.ScriptEngine.run(ScriptEngine.java:194)&#xa;	at com.kms.katalon.core.main.ScriptEngine.runScriptAsRawText(ScriptEngine.java:119)&#xa;	at com.kms.katalon.core.main.TestCaseExecutor.runScript(TestCaseExecutor.java:448)&#xa;	at com.kms.katalon.core.main.TestCaseExecutor.doExecute(TestCaseExecutor.java:439)&#xa;	at com.kms.katalon.core.main.TestCaseExecutor.processExecutionPhase(TestCaseExecutor.java:418)&#xa;	at com.kms.katalon.core.main.TestCaseExecutor.accessMainPhase(TestCaseExecutor.java:410)&#xa;	at com.kms.katalon.core.main.TestCaseExecutor.execute(TestCaseExecutor.java:285)&#xa;	at com.kms.katalon.core.common.CommonExecutor.accessTestCaseMainPhase(CommonExecutor.java:65)&#xa;	at com.kms.katalon.core.main.TestSuiteExecutor.accessTestSuiteMainPhase(TestSuiteExecutor.java:148)&#xa;	at com.kms.katalon.core.main.TestSuiteExecutor.execute(TestSuiteExecutor.java:106)&#xa;	at com.kms.katalon.core.main.TestCaseMain.startTestSuite(TestCaseMain.java:187)&#xa;	at TempTestSuite1702968677708.run(TempTestSuite1702968677708.groovy:36)&#xa;	at java.base/jdk.internal.reflect.NativeMethodAccessorImpl.invoke0(Native Method)&#xa;	at java.base/jdk.internal.reflect.NativeMethodAccessorImpl.invoke(NativeMethodAccessorImpl.java:77)&#xa;	at java.base/jdk.internal.reflect.DelegatingMethodAccessorImpl.invoke(DelegatingMethodAccessorImpl.java:43)&#xa;Caused by: com.kms.katalon.core.webui.exception.WebElementNotFoundException: Web element with id: 'Object Repository/HomePage/button_Sign Up' located by '//*[@href = 'https://magento.softwaretestingboard.com/customer/account/create/' and (text() = 'Create an Account' or . = 'Create an Account')]' not found&#xa;	at com.kms.katalon.core.webui.common.WebUiCommonHelper.findWebElement(WebUiCommonHelper.java:1379)&#xa;	at com.kms.katalon.core.webui.keyword.internal.WebUIAbstractKeyword.findWebElement(WebUIAbstractKeyword.groovy:27)&#xa;	at com.kms.katalon.core.webui.keyword.builtin.ClickKeyword$_click_closure1.doCall(ClickKeyword.groovy:65)&#xa;	at com.kms.katalon.core.webui.keyword.builtin.ClickKeyword$_click_closure1.call(ClickKeyword.groovy)&#xa;	at com.kms.katalon.core.webui.keyword.internal.WebUIKeywordMain.runKeyword(WebUIKeywordMain.groovy:20)&#xa;	... 20 more&#xa;"/>
         <system-out><![CDATA[2023-12-19 13:53:22 - [TEST_CASE][FAILED] - Test Cases/SignUp/TCSG_002_Failed_Register using registered email - Copy: Test Cases/SignUp/TCSG_002_Failed_Register using registered email - Copy FAILED.
Reason:
com.kms.katalon.core.exception.StepFailedException: Unable to click on object 'Object Repository/HomePage/button_Sign Up'
	at com.kms.katalon.core.webui.keyword.internal.WebUIKeywordMain.stepFailed(WebUIKeywordMain.groovy:64)
	at com.kms.katalon.core.webui.keyword.internal.WebUIKeywordMain.runKeyword(WebUIKeywordMain.groovy:26)
	at com.kms.katalon.core.webui.keyword.builtin.ClickKeyword.click(ClickKeyword.groovy:74)
	at com.kms.katalon.core.webui.keyword.builtin.ClickKeyword.execute(ClickKeyword.groovy:40)
	at com.kms.katalon.core.keyword.internal.KeywordExecutor.executeKeywordForPlatform(KeywordExecutor.groovy:74)
	at com.kms.katalon.core.webui.keyword.WebUiBuiltInKeywords.click(WebUiBuiltInKeywords.groovy:620)
	at TCSG_002_Failed_Register using registered email.run(TCSG_002_Failed_Register using registered email:22)
	at com.kms.katalon.core.main.ScriptEngine.run(ScriptEngine.java:194)
	at com.kms.katalon.core.main.ScriptEngine.runScriptAsRawText(ScriptEngine.java:119)
	at com.kms.katalon.core.main.TestCaseExecutor.runScript(TestCaseExecutor.java:448)
	at com.kms.katalon.core.main.TestCaseExecutor.doExecute(TestCaseExecutor.java:439)
	at com.kms.katalon.core.main.TestCaseExecutor.processExecutionPhase(TestCaseExecutor.java:418)
	at com.kms.katalon.core.main.TestCaseExecutor.accessMainPhase(TestCaseExecutor.java:410)
	at com.kms.katalon.core.main.TestCaseExecutor.execute(TestCaseExecutor.java:285)
	at com.kms.katalon.core.common.CommonExecutor.accessTestCaseMainPhase(CommonExecutor.java:65)
	at com.kms.katalon.core.main.TestSuiteExecutor.accessTestSuiteMainPhase(TestSuiteExecutor.java:148)
	at com.kms.katalon.core.main.TestSuiteExecutor.execute(TestSuiteExecutor.java:106)
	at com.kms.katalon.core.main.TestCaseMain.startTestSuite(TestCaseMain.java:187)
	at TempTestSuite1702968677708.run(TempTestSuite1702968677708.groovy:36)
	at java.base/jdk.internal.reflect.NativeMethodAccessorImpl.invoke0(Native Method)
	at java.base/jdk.internal.reflect.NativeMethodAccessorImpl.invoke(NativeMethodAccessorImpl.java:77)
	at java.base/jdk.internal.reflect.DelegatingMethodAccessorImpl.invoke(DelegatingMethodAccessorImpl.java:43)
Caused by: com.kms.katalon.core.webui.exception.WebElementNotFoundException: Web element with id: 'Object Repository/HomePage/button_Sign Up' located by '//*[@href = 'https://magento.softwaretestingboard.com/customer/account/create/' and (text() = 'Create an Account' or . = 'Create an Account')]' not found
	at com.kms.katalon.core.webui.common.WebUiCommonHelper.findWebElement(WebUiCommonHelper.java:1379)
	at com.kms.katalon.core.webui.keyword.internal.WebUIAbstractKeyword.findWebElement(WebUIAbstractKeyword.groovy:27)
	at com.kms.katalon.core.webui.keyword.builtin.ClickKeyword$_click_closure1.doCall(ClickKeyword.groovy:65)
	at com.kms.katalon.core.webui.keyword.builtin.ClickKeyword$_click_closure1.call(ClickKeyword.groovy)
	at com.kms.katalon.core.webui.keyword.internal.WebUIKeywordMain.runKeyword(WebUIKeywordMain.groovy:20)
	... 20 more


2023-12-19 13:53:22 - [TEST_STEP][PASSED] - openBrowser(url): Browser is opened with url: 'https://magento.softwaretestingboard.com/'

2023-12-19 13:53:22 - [MESSAGE][INFO] - Starting 'Edge Chromium' driver

2023-12-19 13:53:23 - [MESSAGE][INFO] - Action delay is set to 0 milliseconds

2023-12-19 13:53:31 - [MESSAGE][PASSED] - Browser is opened with url: 'https://magento.softwaretestingboard.com/'

2023-12-19 13:53:31 - [TEST_STEP][FAILED] - click(findTestObject("HomePage/button_Sign Up")): Unable to click on object 'Object Repository/HomePage/button_Sign Up' (Root cause: com.kms.katalon.core.exception.StepFailedException: Unable to click on object 'Object Repository/HomePage/button_Sign Up'
	at com.kms.katalon.core.webui.keyword.internal.WebUIKeywordMain.stepFailed(WebUIKeywordMain.groovy:64)
	at com.kms.katalon.core.webui.keyword.internal.WebUIKeywordMain.runKeyword(WebUIKeywordMain.groovy:26)
	at com.kms.katalon.core.webui.keyword.builtin.ClickKeyword.click(ClickKeyword.groovy:74)
	at com.kms.katalon.core.webui.keyword.builtin.ClickKeyword.execute(ClickKeyword.groovy:40)
	at com.kms.katalon.core.keyword.internal.KeywordExecutor.executeKeywordForPlatform(KeywordExecutor.groovy:74)
	at com.kms.katalon.core.webui.keyword.WebUiBuiltInKeywords.click(WebUiBuiltInKeywords.groovy:620)
	at TCSG_002_Failed_Register using registered email.run(TCSG_002_Failed_Register using registered email:22)
	at com.kms.katalon.core.main.ScriptEngine.run(ScriptEngine.java:194)
	at com.kms.katalon.core.main.ScriptEngine.runScriptAsRawText(ScriptEngine.java:119)
	at com.kms.katalon.core.main.TestCaseExecutor.runScript(TestCaseExecutor.java:448)
	at com.kms.katalon.core.main.TestCaseExecutor.doExecute(TestCaseExecutor.java:439)
	at com.kms.katalon.core.main.TestCaseExecutor.processExecutionPhase(TestCaseExecutor.java:418)
	at com.kms.katalon.core.main.TestCaseExecutor.accessMainPhase(TestCaseExecutor.java:410)
	at com.kms.katalon.core.main.TestCaseExecutor.execute(TestCaseExecutor.java:285)
	at com.kms.katalon.core.common.CommonExecutor.accessTestCaseMainPhase(CommonExecutor.java:65)
	at com.kms.katalon.core.main.TestSuiteExecutor.accessTestSuiteMainPhase(TestSuiteExecutor.java:148)
	at com.kms.katalon.core.main.TestSuiteExecutor.execute(TestSuiteExecutor.java:106)
	at com.kms.katalon.core.main.TestCaseMain.startTestSuite(TestCaseMain.java:187)
	at TempTestSuite1702968677708.run(TempTestSuite1702968677708.groovy:36)
	at java.base/jdk.internal.reflect.NativeMethodAccessorImpl.invoke0(Native Method)
	at java.base/jdk.internal.reflect.NativeMethodAccessorImpl.invoke(NativeMethodAccessorImpl.java:77)
	at java.base/jdk.internal.reflect.DelegatingMethodAccessorImpl.invoke(DelegatingMethodAccessorImpl.java:43)
Caused by: com.kms.katalon.core.webui.exception.WebElementNotFoundException: Web element with id: 'Object Repository/HomePage/button_Sign Up' located by '//*[@href = 'https://magento.softwaretestingboard.com/customer/account/create/' and (text() = 'Create an Account' or . = 'Create an Account')]' not found
	at com.kms.katalon.core.webui.common.WebUiCommonHelper.findWebElement(WebUiCommonHelper.java:1379)
	at com.kms.katalon.core.webui.keyword.internal.WebUIAbstractKeyword.findWebElement(WebUIAbstractKeyword.groovy:27)
	at com.kms.katalon.core.webui.keyword.builtin.ClickKeyword$_click_closure1.doCall(ClickKeyword.groovy:65)
	at com.kms.katalon.core.webui.keyword.builtin.ClickKeyword$_click_closure1.call(ClickKeyword.groovy)
	at com.kms.katalon.core.webui.keyword.internal.WebUIKeywordMain.runKeyword(WebUIKeywordMain.groovy:20)
	at com.kms.katalon.core.webui.keyword.builtin.ClickKeyword.click(ClickKeyword.groovy:74)
	at com.kms.katalon.core.webui.keyword.builtin.ClickKeyword.execute(ClickKeyword.groovy:40)
	at com.kms.katalon.core.keyword.internal.KeywordExecutor.executeKeywordForPlatform(KeywordExecutor.groovy:74)
	at com.kms.katalon.core.webui.keyword.WebUiBuiltInKeywords.click(WebUiBuiltInKeywords.groovy:620)
	at Script1698039497398.run(Script1698039497398.groovy:22)
	... 15 more
)

2023-12-19 13:54:02 - [MESSAGE][INFO] - Unable to find the element located by 'By.xpath: //*[@href = 'https://magento.softwaretestingboard.com/customer/account/create/' and (text() = 'Create an Account' or . = 'Create an Account')]'. Please recheck the objects properties to make sure the desired element is located. 

2023-12-19 13:54:02 - [MESSAGE][FAILED] - Unable to click on object 'Object Repository/HomePage/button_Sign Up' (Root cause: com.kms.katalon.core.exception.StepFailedException: Unable to click on object 'Object Repository/HomePage/button_Sign Up'
	at com.kms.katalon.core.webui.keyword.internal.WebUIKeywordMain.stepFailed(WebUIKeywordMain.groovy:64)
	at com.kms.katalon.core.webui.keyword.internal.WebUIKeywordMain.runKeyword(WebUIKeywordMain.groovy:26)
	at com.kms.katalon.core.webui.keyword.builtin.ClickKeyword.click(ClickKeyword.groovy:74)
	at com.kms.katalon.core.webui.keyword.builtin.ClickKeyword.execute(ClickKeyword.groovy:40)
	at com.kms.katalon.core.keyword.internal.KeywordExecutor.executeKeywordForPlatform(KeywordExecutor.groovy:74)
	at com.kms.katalon.core.webui.keyword.WebUiBuiltInKeywords.click(WebUiBuiltInKeywords.groovy:620)
	at TCSG_002_Failed_Register using registered email.run(TCSG_002_Failed_Register using registered email:22)
	at com.kms.katalon.core.main.ScriptEngine.run(ScriptEngine.java:194)
	at com.kms.katalon.core.main.ScriptEngine.runScriptAsRawText(ScriptEngine.java:119)
	at com.kms.katalon.core.main.TestCaseExecutor.runScript(TestCaseExecutor.java:448)
	at com.kms.katalon.core.main.TestCaseExecutor.doExecute(TestCaseExecutor.java:439)
	at com.kms.katalon.core.main.TestCaseExecutor.processExecutionPhase(TestCaseExecutor.java:418)
	at com.kms.katalon.core.main.TestCaseExecutor.accessMainPhase(TestCaseExecutor.java:410)
	at com.kms.katalon.core.main.TestCaseExecutor.execute(TestCaseExecutor.java:285)
	at com.kms.katalon.core.common.CommonExecutor.accessTestCaseMainPhase(CommonExecutor.java:65)
	at com.kms.katalon.core.main.TestSuiteExecutor.accessTestSuiteMainPhase(TestSuiteExecutor.java:148)
	at com.kms.katalon.core.main.TestSuiteExecutor.execute(TestSuiteExecutor.java:106)
	at com.kms.katalon.core.main.TestCaseMain.startTestSuite(TestCaseMain.java:187)
	at TempTestSuite1702968677708.run(TempTestSuite1702968677708.groovy:36)
	at java.base/jdk.internal.reflect.NativeMethodAccessorImpl.invoke0(Native Method)
	at java.base/jdk.internal.reflect.NativeMethodAccessorImpl.invoke(NativeMethodAccessorImpl.java:77)
	at java.base/jdk.internal.reflect.DelegatingMethodAccessorImpl.invoke(DelegatingMethodAccessorImpl.java:43)
Caused by: com.kms.katalon.core.webui.exception.WebElementNotFoundException: Web element with id: 'Object Repository/HomePage/button_Sign Up' located by '//*[@href = 'https://magento.softwaretestingboard.com/customer/account/create/' and (text() = 'Create an Account' or . = 'Create an Account')]' not found
	at com.kms.katalon.core.webui.common.WebUiCommonHelper.findWebElement(WebUiCommonHelper.java:1379)
	at com.kms.katalon.core.webui.keyword.internal.WebUIAbstractKeyword.findWebElement(WebUIAbstractKeyword.groovy:27)
	at com.kms.katalon.core.webui.keyword.builtin.ClickKeyword$_click_closure1.doCall(ClickKeyword.groovy:65)
	at com.kms.katalon.core.webui.keyword.builtin.ClickKeyword$_click_closure1.call(ClickKeyword.groovy)
	at com.kms.katalon.core.webui.keyword.internal.WebUIKeywordMain.runKeyword(WebUIKeywordMain.groovy:20)
	at com.kms.katalon.core.webui.keyword.builtin.ClickKeyword.click(ClickKeyword.groovy:74)
	at com.kms.katalon.core.webui.keyword.builtin.ClickKeyword.execute(ClickKeyword.groovy:40)
	at com.kms.katalon.core.keyword.internal.KeywordExecutor.executeKeywordForPlatform(KeywordExecutor.groovy:74)
	at com.kms.katalon.core.webui.keyword.WebUiBuiltInKeywords.click(WebUiBuiltInKeywords.groovy:620)
	at Script1698039497398.run(Script1698039497398.groovy:22)
	... 15 more
)
[[ATTACHMENT|D:\\01. SALSABILA RAHADATUL AISY\\Certification Katalon\\luma-shop\\Reports\\20231219_135116\\Auth\\20231219_135117\\1702968842859.png]]]]></system-out>
         <system-err><![CDATA[2023-12-19 13:53:22 - [TEST_CASE][FAILED] - Test Cases/SignUp/TCSG_002_Failed_Register using registered email - Copy: Test Cases/SignUp/TCSG_002_Failed_Register using registered email - Copy FAILED.
Reason:
com.kms.katalon.core.exception.StepFailedException: Unable to click on object 'Object Repository/HomePage/button_Sign Up'
	at com.kms.katalon.core.webui.keyword.internal.WebUIKeywordMain.stepFailed(WebUIKeywordMain.groovy:64)
	at com.kms.katalon.core.webui.keyword.internal.WebUIKeywordMain.runKeyword(WebUIKeywordMain.groovy:26)
	at com.kms.katalon.core.webui.keyword.builtin.ClickKeyword.click(ClickKeyword.groovy:74)
	at com.kms.katalon.core.webui.keyword.builtin.ClickKeyword.execute(ClickKeyword.groovy:40)
	at com.kms.katalon.core.keyword.internal.KeywordExecutor.executeKeywordForPlatform(KeywordExecutor.groovy:74)
	at com.kms.katalon.core.webui.keyword.WebUiBuiltInKeywords.click(WebUiBuiltInKeywords.groovy:620)
	at TCSG_002_Failed_Register using registered email.run(TCSG_002_Failed_Register using registered email:22)
	at com.kms.katalon.core.main.ScriptEngine.run(ScriptEngine.java:194)
	at com.kms.katalon.core.main.ScriptEngine.runScriptAsRawText(ScriptEngine.java:119)
	at com.kms.katalon.core.main.TestCaseExecutor.runScript(TestCaseExecutor.java:448)
	at com.kms.katalon.core.main.TestCaseExecutor.doExecute(TestCaseExecutor.java:439)
	at com.kms.katalon.core.main.TestCaseExecutor.processExecutionPhase(TestCaseExecutor.java:418)
	at com.kms.katalon.core.main.TestCaseExecutor.accessMainPhase(TestCaseExecutor.java:410)
	at com.kms.katalon.core.main.TestCaseExecutor.execute(TestCaseExecutor.java:285)
	at com.kms.katalon.core.common.CommonExecutor.accessTestCaseMainPhase(CommonExecutor.java:65)
	at com.kms.katalon.core.main.TestSuiteExecutor.accessTestSuiteMainPhase(TestSuiteExecutor.java:148)
	at com.kms.katalon.core.main.TestSuiteExecutor.execute(TestSuiteExecutor.java:106)
	at com.kms.katalon.core.main.TestCaseMain.startTestSuite(TestCaseMain.java:187)
	at TempTestSuite1702968677708.run(TempTestSuite1702968677708.groovy:36)
	at java.base/jdk.internal.reflect.NativeMethodAccessorImpl.invoke0(Native Method)
	at java.base/jdk.internal.reflect.NativeMethodAccessorImpl.invoke(NativeMethodAccessorImpl.java:77)
	at java.base/jdk.internal.reflect.DelegatingMethodAccessorImpl.invoke(DelegatingMethodAccessorImpl.java:43)
Caused by: com.kms.katalon.core.webui.exception.WebElementNotFoundException: Web element with id: 'Object Repository/HomePage/button_Sign Up' located by '//*[@href = 'https://magento.softwaretestingboard.com/customer/account/create/' and (text() = 'Create an Account' or . = 'Create an Account')]' not found
	at com.kms.katalon.core.webui.common.WebUiCommonHelper.findWebElement(WebUiCommonHelper.java:1379)
	at com.kms.katalon.core.webui.keyword.internal.WebUIAbstractKeyword.findWebElement(WebUIAbstractKeyword.groovy:27)
	at com.kms.katalon.core.webui.keyword.builtin.ClickKeyword$_click_closure1.doCall(ClickKeyword.groovy:65)
	at com.kms.katalon.core.webui.keyword.builtin.ClickKeyword$_click_closure1.call(ClickKeyword.groovy)
	at com.kms.katalon.core.webui.keyword.internal.WebUIKeywordMain.runKeyword(WebUIKeywordMain.groovy:20)
	... 20 more]]></system-err>
      </testcase>
      <system-out><![CDATA[2023-12-19 13:51:34 - [TEST_SUITE][FAILED] - Auth: Test Cases/SignUp/TCSG_002_Failed_Register using registered email - Copy FAILED.
Reason:
com.kms.katalon.core.exception.StepFailedException: Unable to click on object 'Object Repository/HomePage/button_Sign Up'
	at com.kms.katalon.core.webui.keyword.internal.WebUIKeywordMain.stepFailed(WebUIKeywordMain.groovy:64)
	at com.kms.katalon.core.webui.keyword.internal.WebUIKeywordMain.runKeyword(WebUIKeywordMain.groovy:26)
	at com.kms.katalon.core.webui.keyword.builtin.ClickKeyword.click(ClickKeyword.groovy:74)
	at com.kms.katalon.core.webui.keyword.builtin.ClickKeyword.execute(ClickKeyword.groovy:40)
	at com.kms.katalon.core.keyword.internal.KeywordExecutor.executeKeywordForPlatform(KeywordExecutor.groovy:74)
	at com.kms.katalon.core.webui.keyword.WebUiBuiltInKeywords.click(WebUiBuiltInKeywords.groovy:620)
	at TCSG_002_Failed_Register using registered email.run(TCSG_002_Failed_Register using registered email:22)
	at com.kms.katalon.core.main.ScriptEngine.run(ScriptEngine.java:194)
	at com.kms.katalon.core.main.ScriptEngine.runScriptAsRawText(ScriptEngine.java:119)
	at com.kms.katalon.core.main.TestCaseExecutor.runScript(TestCaseExecutor.java:448)
	at com.kms.katalon.core.main.TestCaseExecutor.doExecute(TestCaseExecutor.java:439)
	at com.kms.katalon.core.main.TestCaseExecutor.processExecutionPhase(TestCaseExecutor.java:418)
	at com.kms.katalon.core.main.TestCaseExecutor.accessMainPhase(TestCaseExecutor.java:410)
	at com.kms.katalon.core.main.TestCaseExecutor.execute(TestCaseExecutor.java:285)
	at com.kms.katalon.core.common.CommonExecutor.accessTestCaseMainPhase(CommonExecutor.java:65)
	at com.kms.katalon.core.main.TestSuiteExecutor.accessTestSuiteMainPhase(TestSuiteExecutor.java:148)
	at com.kms.katalon.core.main.TestSuiteExecutor.execute(TestSuiteExecutor.java:106)
	at com.kms.katalon.core.main.TestCaseMain.startTestSuite(TestCaseMain.java:187)
	at TempTestSuite1702968677708.run(TempTestSuite1702968677708.groovy:36)
	at java.base/jdk.internal.reflect.NativeMethodAccessorImpl.invoke0(Native Method)
	at java.base/jdk.internal.reflect.NativeMethodAccessorImpl.invoke(NativeMethodAccessorImpl.java:77)
	at java.base/jdk.internal.reflect.DelegatingMethodAccessorImpl.invoke(DelegatingMethodAccessorImpl.java:43)
Caused by: com.kms.katalon.core.webui.exception.WebElementNotFoundException: Web element with id: 'Object Repository/HomePage/button_Sign Up' located by '//*[@href = 'https://magento.softwaretestingboard.com/customer/account/create/' and (text() = 'Create an Account' or . = 'Create an Account')]' not found
	at com.kms.katalon.core.webui.common.WebUiCommonHelper.findWebElement(WebUiCommonHelper.java:1379)
	at com.kms.katalon.core.webui.keyword.internal.WebUIAbstractKeyword.findWebElement(WebUIAbstractKeyword.groovy:27)
	at com.kms.katalon.core.webui.keyword.builtin.ClickKeyword$_click_closure1.doCall(ClickKeyword.groovy:65)
	at com.kms.katalon.core.webui.keyword.builtin.ClickKeyword$_click_closure1.call(ClickKeyword.groovy)
	at com.kms.katalon.core.webui.keyword.internal.WebUIKeywordMain.runKeyword(WebUIKeywordMain.groovy:20)
	... 20 more]]></system-out>
      <system-err><![CDATA[2023-12-19 13:51:34 - [TEST_SUITE][FAILED] - Auth: Test Cases/SignUp/TCSG_002_Failed_Register using registered email - Copy FAILED.
Reason:
com.kms.katalon.core.exception.StepFailedException: Unable to click on object 'Object Repository/HomePage/button_Sign Up'
	at com.kms.katalon.core.webui.keyword.internal.WebUIKeywordMain.stepFailed(WebUIKeywordMain.groovy:64)
	at com.kms.katalon.core.webui.keyword.internal.WebUIKeywordMain.runKeyword(WebUIKeywordMain.groovy:26)
	at com.kms.katalon.core.webui.keyword.builtin.ClickKeyword.click(ClickKeyword.groovy:74)
	at com.kms.katalon.core.webui.keyword.builtin.ClickKeyword.execute(ClickKeyword.groovy:40)
	at com.kms.katalon.core.keyword.internal.KeywordExecutor.executeKeywordForPlatform(KeywordExecutor.groovy:74)
	at com.kms.katalon.core.webui.keyword.WebUiBuiltInKeywords.click(WebUiBuiltInKeywords.groovy:620)
	at TCSG_002_Failed_Register using registered email.run(TCSG_002_Failed_Register using registered email:22)
	at com.kms.katalon.core.main.ScriptEngine.run(ScriptEngine.java:194)
	at com.kms.katalon.core.main.ScriptEngine.runScriptAsRawText(ScriptEngine.java:119)
	at com.kms.katalon.core.main.TestCaseExecutor.runScript(TestCaseExecutor.java:448)
	at com.kms.katalon.core.main.TestCaseExecutor.doExecute(TestCaseExecutor.java:439)
	at com.kms.katalon.core.main.TestCaseExecutor.processExecutionPhase(TestCaseExecutor.java:418)
	at com.kms.katalon.core.main.TestCaseExecutor.accessMainPhase(TestCaseExecutor.java:410)
	at com.kms.katalon.core.main.TestCaseExecutor.execute(TestCaseExecutor.java:285)
	at com.kms.katalon.core.common.CommonExecutor.accessTestCaseMainPhase(CommonExecutor.java:65)
	at com.kms.katalon.core.main.TestSuiteExecutor.accessTestSuiteMainPhase(TestSuiteExecutor.java:148)
	at com.kms.katalon.core.main.TestSuiteExecutor.execute(TestSuiteExecutor.java:106)
	at com.kms.katalon.core.main.TestCaseMain.startTestSuite(TestCaseMain.java:187)
	at TempTestSuite1702968677708.run(TempTestSuite1702968677708.groovy:36)
	at java.base/jdk.internal.reflect.NativeMethodAccessorImpl.invoke0(Native Method)
	at java.base/jdk.internal.reflect.NativeMethodAccessorImpl.invoke(NativeMethodAccessorImpl.java:77)
	at java.base/jdk.internal.reflect.DelegatingMethodAccessorImpl.invoke(DelegatingMethodAccessorImpl.java:43)
Caused by: com.kms.katalon.core.webui.exception.WebElementNotFoundException: Web element with id: 'Object Repository/HomePage/button_Sign Up' located by '//*[@href = 'https://magento.softwaretestingboard.com/customer/account/create/' and (text() = 'Create an Account' or . = 'Create an Account')]' not found
	at com.kms.katalon.core.webui.common.WebUiCommonHelper.findWebElement(WebUiCommonHelper.java:1379)
	at com.kms.katalon.core.webui.keyword.internal.WebUIAbstractKeyword.findWebElement(WebUIAbstractKeyword.groovy:27)
	at com.kms.katalon.core.webui.keyword.builtin.ClickKeyword$_click_closure1.doCall(ClickKeyword.groovy:65)
	at com.kms.katalon.core.webui.keyword.builtin.ClickKeyword$_click_closure1.call(ClickKeyword.groovy)
	at com.kms.katalon.core.webui.keyword.internal.WebUIKeywordMain.runKeyword(WebUIKeywordMain.groovy:20)
	... 20 more]]></system-err>
   </testsuite>
</testsuites>
